<?xml version="1.0" encoding="UTF-8" ?>
<!DOCTYPE scenario SYSTEM "sipp.dtd">
<scenario name="Test for the OpenSIPS spiral module, Alice, Walter Doekes 2014">
  <!--

  OpenSIPS will be listening on port 5060 on localhost, Alice should be
  on port 5061, bob on 5062.

  - alice INVITEs bob, bob picks up
  - bob reINVITEs alice, alice OKs
  - alice hangs up
  - alice INVITEs charlie, gets 404

  Usage:
    sipp -m 1 -sf test-alice-5061.xml -p 5061 127.0.0.1

  -->

  <send start_txn="invite">
    <![CDATA[

      INVITE sip:bob@[remote_ip]:[remote_port] SIP/2.0
      Via: SIP/2.0/[transport] [local_ip]:[local_port];branch=[branch]
      From: sip:alice@[local_ip]:[local_port];tag=[pid]Alice[call_number]
      To: sip:bob@[remote_ip]:[remote_port]
      Contact: sip:alice@[local_ip]:[local_port]
      Call-ID: [call_id]
      CSeq: [cseq] INVITE
      Max-Forwards: 70
      Content-Type: application/sdp
      Content-Length: [len]

      v=0
      o=alice 1 1 IN IP[local_ip_type] [local_ip]
      s=-
      c=IN IP[media_ip_type] [media_ip]
      t=0 0
      m=audio [media_port] RTP/AVP 8 0
      a=rtpmap:8 PCMA/8000
      a=rtpmap:0 PCMU/8000

    ]]>
  </send>

  <recv response="100" response_txn="invite"/>

  <recv response="180" response_txn="invite"/>

  <recv response="200" rrs="true" response_txn="invite"/>

  <send ack_txn="invite">
    <![CDATA[

      ACK [next_url] SIP/2.0
      Via: SIP/2.0/[transport] [local_ip]:[local_port];branch=[branch]
      [routes]
      From: sip:alice@[local_ip]:[local_port];tag=[pid]Alice[call_number]
      To: sip:bob@[remote_ip]:[remote_port][peer_tag_param]
      Contact: sip:alice@[local_ip]:[local_port]
      Call-ID: [call_id]
      CSeq: [cseq] ACK
      Max-Forwards: 70
      Content-Length: 0

    ]]>
  </send>

  <recv request="INVITE" rrs="true"/>

  <send>
    <![CDATA[

      SIP/2.0 100 Trying
      [last_Via:]
      [last_Record-Route:]
      [last_From:]
      [last_To:];tag=[pid]Bob[call_number]
      [last_Call-ID:]
      [last_CSeq:]
      Content-Length: 0

    ]]>
  </send>

  <pause milliseconds="100"/>

  <send>
    <![CDATA[

      SIP/2.0 200 OK
      [last_Via:]
      [last_Record-Route:]
      [last_From:]
      [last_To:]
      Contact: sip:alice@[local_ip]:[local_port]
      [last_Call-ID:]
      [last_CSeq:]
      Content-Type: application/sdp
      Content-Length: [len]

      v=0
      o=alice 2 2 IN IP[local_ip_type] [local_ip]
      s=-
      c=IN IP[media_ip_type] [media_ip]
      t=0 0
      m=audio [media_port] RTP/AVP 8 0
      a=rtpmap:8 PCMA/8000
      a=rtpmap:0 PCMU/8000
      a=recvonly

    ]]>
  </send>

  <recv request="ACK" rrs="true"/>

  <send start_txn="bye">
    <![CDATA[

      BYE [next_url] SIP/2.0
      Via: SIP/2.0/[transport] [local_ip]:[local_port];branch=[branch]
      [routes]
      From: sip:alice@[local_ip]:[local_port];tag=[pid]Alice[call_number]
      To: sip:bob@[remote_ip]:[remote_port][peer_tag_param]
      Call-ID: [call_id]
      CSeq: [cseq] BYE
      Max-Forwards: 70
      Content-Length: 0

    ]]>
  </send>

  <recv response="200" response_txn="bye"/>

  <send start_txn="failinvite">
    <![CDATA[

      INVITE sip:charlie@[remote_ip]:[remote_port] SIP/2.0
      Via: SIP/2.0/[transport] [local_ip]:[local_port];branch=[branch]
      From: sip:alice@[local_ip]:[local_port];tag=[pid]Alice[call_number]
      To: sip:charlie@[remote_ip]:[remote_port]
      Contact: sip:alice@[local_ip]:[local_port]
      Call-ID: [call_id]
      CSeq: [cseq] INVITE
      Max-Forwards: 70
      Content-Type: application/sdp
      Content-Length: [len]

      v=0
      o=alice 3 3 IN IP[local_ip_type] [local_ip]
      s=-
      c=IN IP[media_ip_type] [media_ip]
      t=0 0
      m=audio [media_port] RTP/AVP 8 0
      a=rtpmap:8 PCMA/8000
      a=rtpmap:0 PCMU/8000

    ]]>
  </send>

  <recv response="100" response_txn="failinvite"/>

  <recv response="404" response_txn="failinvite"/>

  <send ack_txn="failinvite">
    <![CDATA[

      ACK sip:charlie@[remote_ip]:[remote_port] SIP/2.0
      Via: SIP/2.0/[transport] [local_ip]:[local_port];branch=[branch]
      From: sip:alice@[local_ip]:[local_port];tag=[pid]Alice[call_number]
      To: sip:charlie@[remote_ip]:[remote_port][peer_tag_param]
      Contact: sip:alice@[local_ip]:[local_port]
      Call-ID: [call_id]
      CSeq: [cseq] ACK
      Max-Forwards: 70
      Content-Length: 0

    ]]>
  </send>
</scenario>
